{
  "RSpec": {
    "coverage": {
      "/Users/rorymcguinness/Desktop/Makers/Week_10/bank-tech-test/spec/account_spec.rb": [
        1,
        6,
        null,
        1,
        1,
        null,
        null,
        1,
        1,
        1,
        null,
        null,
        1,
        1,
        4,
        null,
        null,
        1,
        1,
        4,
        null,
        null,
        1,
        1,
        2,
        null,
        null,
        null,
        null
      ],
      "/Users/rorymcguinness/Desktop/Makers/Week_10/bank-tech-test/spec/features/integration_spec.rb": [
        1,
        3,
        1,
        null,
        1,
        1,
        null,
        null,
        1,
        1,
        null,
        null,
        1,
        1,
        2,
        2,
        2,
        null,
        null,
        1,
        1,
        1,
        null,
        null,
        null,
        1,
        1,
        1,
        1,
        null,
        null,
        null,
        null,
        null
      ],
      "/Users/rorymcguinness/Desktop/Makers/Week_10/bank-tech-test/spec/log_spec.rb": [
        1,
        5,
        4,
        null,
        1,
        1,
        null,
        null,
        1,
        1,
        3,
        3,
        6,
        3,
        3,
        null,
        null,
        1,
        3,
        null,
        null,
        1,
        1,
        null,
        null,
        1,
        1,
        null,
        null,
        1,
        1,
        null,
        null,
        null,
        null
      ],
      "/Users/rorymcguinness/Desktop/Makers/Week_10/bank-tech-test/spec/statement_printer_spec.rb": [
        1,
        2,
        1,
        3,
        null,
        1,
        2,
        2,
        3,
        null,
        null,
        1,
        2,
        null,
        null,
        1,
        1,
        null,
        null,
        1,
        2,
        null,
        null,
        null,
        null
      ]
    },
    "timestamp": 1492531651
  }
}
